0 info it worked if it ends with ok
1 verbose cli [ '/usr/local/bin/node', '/usr/local/bin/npm', 'run', 'compile' ]
2 info using npm@3.10.3
3 info using node@v6.6.0
4 verbose run-script [ 'precompile', 'compile', 'postcompile' ]
5 info lifecycle inform@1.0.0~precompile: inform@1.0.0
6 silly lifecycle inform@1.0.0~precompile: no script for precompile, continuing
7 info lifecycle inform@1.0.0~compile: inform@1.0.0
8 verbose lifecycle inform@1.0.0~compile: unsafe-perm in lifecycle true
9 verbose lifecycle inform@1.0.0~compile: PATH: /usr/local/lib/node_modules/npm/bin/node-gyp-bin:/Users/Tessa/code/Web/InForm/node_modules/.bin:/usr/local/bin:/Library/Frameworks/Python.framework/Versions/3.6/bin:/usr/bin:/bin:/usr/sbin:/sbin:/usr/local/bin
10 verbose lifecycle inform@1.0.0~compile: CWD: /Users/Tessa/code/Web/InForm
11 silly lifecycle inform@1.0.0~compile: Args: [ '-c', 'webpack --config webpack.config.js' ]
12 silly lifecycle inform@1.0.0~compile: Returned: code: 2  signal: null
13 info lifecycle inform@1.0.0~compile: Failed to exec compile script
14 verbose stack Error: inform@1.0.0 compile: `webpack --config webpack.config.js`
14 verbose stack Exit status 2
14 verbose stack     at EventEmitter.<anonymous> (/usr/local/lib/node_modules/npm/lib/utils/lifecycle.js:242:16)
14 verbose stack     at emitTwo (events.js:106:13)
14 verbose stack     at EventEmitter.emit (events.js:191:7)
14 verbose stack     at ChildProcess.<anonymous> (/usr/local/lib/node_modules/npm/lib/utils/spawn.js:40:14)
14 verbose stack     at emitTwo (events.js:106:13)
14 verbose stack     at ChildProcess.emit (events.js:191:7)
14 verbose stack     at maybeClose (internal/child_process.js:877:16)
14 verbose stack     at Process.ChildProcess._handle.onexit (internal/child_process.js:226:5)
15 verbose pkgid inform@1.0.0
16 verbose cwd /Users/Tessa/code/Web/InForm
17 error Darwin 16.4.0
18 error argv "/usr/local/bin/node" "/usr/local/bin/npm" "run" "compile"
19 error node v6.6.0
20 error npm  v3.10.3
21 error code ELIFECYCLE
22 error inform@1.0.0 compile: `webpack --config webpack.config.js`
22 error Exit status 2
23 error Failed at the inform@1.0.0 compile script 'webpack --config webpack.config.js'.
23 error Make sure you have the latest version of node.js and npm installed.
23 error If you do, this is most likely a problem with the inform package,
23 error not with npm itself.
23 error Tell the author that this fails on your system:
23 error     webpack --config webpack.config.js
23 error You can get information on how to open an issue for this project with:
23 error     npm bugs inform
23 error Or if that isn't available, you can get their info via:
23 error     npm owner ls inform
23 error There is likely additional logging output above.
24 verbose exit [ 1, true ]
